<?xml version="1.0" encoding="UTF-8"?>
<testng-results skipped="0" failed="0" ignored="0" total="1" passed="1">
  <reporter-output>
  </reporter-output>
  <suite name="Default suite" duration-ms="29669" started-at="2020-09-18T18:48:15Z" finished-at="2020-09-18T18:48:45Z">
    <groups>
    </groups>
    <test name="Default test" duration-ms="29669" started-at="2020-09-18T18:48:15Z" finished-at="2020-09-18T18:48:45Z">
      <class name="Frameworks.DataDrivenFramework.MeddoApointmentBooking">
        <test-method status="PASS" signature="initialization()[pri:0, instance:Frameworks.DataDrivenFramework.MeddoApointmentBooking@7a69b07]" name="initialization" is-config="true" duration-ms="10011" started-at="2020-09-19T00:18:15Z" finished-at="2020-09-19T00:18:25Z">
          <reporter-output>
          </reporter-output>
        </test-method> <!-- initialization -->
        <test-method status="PASS" signature="Meddoonlinebooking()[pri:0, instance:Frameworks.DataDrivenFramework.MeddoApointmentBooking@7a69b07]" name="Meddoonlinebooking" duration-ms="19619" started-at="2020-09-19T00:18:25Z" finished-at="2020-09-19T00:18:45Z">
          <reporter-output>
          </reporter-output>
        </test-method> <!-- Meddoonlinebooking -->
      </class> <!-- Frameworks.DataDrivenFramework.MeddoApointmentBooking -->
    </test> <!-- Default test -->
  </suite> <!-- Default suite -->
</testng-results>
